c:\users\fadik\source\repos\курсач\classlibrary1\x64\debug\dll.pch
c:\users\fadik\source\repos\курсач\classlibrary1\x64\debug\vc143.pdb
c:\users\fadik\source\repos\курсач\classlibrary1\x64\debug\pch.obj
c:\users\fadik\source\repos\курсач\classlibrary1\x64\debug\player.obj
c:\users\fadik\source\repos\курсач\classlibrary1\x64\debug\wasp.obj
c:\users\fadik\source\repos\курсач\classlibrary1\x64\debug\skyfullofstars.obj
c:\users\fadik\source\repos\курсач\classlibrary1\x64\debug\lobster.obj
c:\users\fadik\source\repos\курсач\classlibrary1\x64\debug\game.obj
c:\users\fadik\source\repos\курсач\classlibrary1\x64\debug\fly.obj
c:\users\fadik\source\repos\курсач\classlibrary1\x64\debug\explosion.obj
c:\users\fadik\source\repos\курсач\classlibrary1\x64\debug\enemy.obj
c:\users\fadik\source\repos\курсач\classlibrary1\x64\debug\bullet.obj
c:\users\fadik\source\repos\курсач\classlibrary1\x64\debug\assemblyinfo.obj
c:\users\fadik\source\repos\курсач\classlibrary1\x64\debug\.netframework,version=v4.7.2.assemblyattributes.obj
c:\users\fadik\source\repos\курсач\x64\debug\dll.dll
c:\users\fadik\source\repos\курсач\x64\debug\dll.pdb
c:\users\fadik\source\repos\курсач\classlibrary1\x64\debug\app.res
c:\users\fadik\source\repos\курсач\classlibrary1\x64\debug\dll.tlog\cl.command.1.tlog
c:\users\fadik\source\repos\курсач\classlibrary1\x64\debug\dll.tlog\cl.read.1.tlog
c:\users\fadik\source\repos\курсач\classlibrary1\x64\debug\dll.tlog\cl.write.1.tlog
c:\users\fadik\source\repos\курсач\classlibrary1\x64\debug\dll.tlog\link.command.1.tlog
c:\users\fadik\source\repos\курсач\classlibrary1\x64\debug\dll.tlog\link.read.1.tlog
c:\users\fadik\source\repos\курсач\classlibrary1\x64\debug\dll.tlog\link.write.1.tlog
c:\users\fadik\source\repos\курсач\classlibrary1\x64\debug\dll.tlog\metagen.read.1.tlog
c:\users\fadik\source\repos\курсач\classlibrary1\x64\debug\dll.tlog\metagen.write.1.tlog
c:\users\fadik\source\repos\курсач\classlibrary1\x64\debug\dll.tlog\rc.command.1.tlog
c:\users\fadik\source\repos\курсач\classlibrary1\x64\debug\dll.tlog\rc.read.1.tlog
c:\users\fadik\source\repos\курсач\classlibrary1\x64\debug\dll.tlog\rc.write.1.tlog
